[2022-07-26 10:58:43,533] - loging.py] - INFO: 进入一键诊断页面正确
[2022-07-26 10:59:04,352] - loging.py] - INFO: 可以正常诊断设备网络
[2022-07-26 11:00:59,955] - loging.py] - INFO: 进入一键诊断页面正确
[2022-07-26 11:01:23,193] - loging.py] - INFO: 可以正常诊断设备网络
[2022-07-26 13:27:42,810] - loging.py] - INFO: 进入一键诊断页面正确
[2022-07-26 13:28:33,372] - loging.py] - INFO: 可以正常诊断设备网络
[2022-07-26 13:29:06,926] - loging.py] - INFO: 进入一键诊断页面正确
[2022-07-26 13:29:43,882] - loging.py] - INFO: 可以正常诊断设备网络
[2022-07-26 13:31:19,492] - loging.py] - INFO: 进入一键诊断页面正确
[2022-07-26 13:32:36,261] - loging.py] - INFO: 进入一键诊断页面正确
[2022-07-26 13:37:52,255] - loging.py] - INFO: 进入一键诊断页面正确
[2022-07-26 13:38:14,681] - loging.py] - INFO: 可以正常诊断设备网络
[2022-07-26 15:29:14,265] - loging.py] - INFO: 进入一键诊断页面正确
[2022-07-26 15:29:56,077] - loging.py] - INFO: 可以正常诊断设备网络
[2022-07-26 15:30:16,226] - loging.py] - INFO: 检查：日志收集 页面titl 展示正确
[2022-07-26 15:30:16,395] - loging.py] - INFO: 检查：点按【日志收集】请确保收集时间不少于30，提示展示正确
[2022-07-26 15:30:16,400] - loging.py] - INFO: 日志收集页面元素检查完毕，全部展示正确
[2022-07-26 15:59:17,568] - loging.py] - INFO: 进入一键诊断页面正确
[2022-07-26 16:00:49,287] - loging.py] - INFO: 检查：日志收集 页面titl 展示正确
[2022-07-26 16:00:50,096] - loging.py] - INFO: 检查：点按【日志收集】请确保收集时间不少于30，提示展示正确
[2022-07-26 16:00:50,096] - loging.py] - INFO: 日志收集页面元素检查完毕，全部展示正确
[2022-07-26 16:01:36,418] - loging.py] - INFO: 网络基础配置检查完毕
[2022-07-26 16:01:37,275] - loging.py] - INFO: IP地址配置检查完毕
[2022-07-26 16:01:37,633] - loging.py] - INFO: 设备能否上网检查完毕
[2022-07-26 16:01:37,781] - loging.py] - INFO: 网页连接测试检查完毕
[2022-07-26 16:01:37,782] - loging.py] - INFO: 网络服务4项检查均正确
[2022-07-26 16:01:57,965] - loging.py] - INFO: 检查：日志收集 页面titl 展示正确
[2022-07-26 16:01:58,354] - loging.py] - INFO: 检查：点按【日志收集】请确保收集时间不少于30，提示展示正确
[2022-07-26 16:01:58,354] - loging.py] - INFO: 日志收集页面元素检查完毕，全部展示正确
[2022-07-26 17:22:54,909] - loging.py] - INFO: 123
[2022-07-26 17:24:14,816] - loging.py] - INFO: 123
[2022-07-26 17:56:44,271] - loging.py] - INFO: 当贝市场app可以成功打开
[2022-07-26 19:15:00,584] - loging.py] - INFO: 当贝市场app可以成功打开
