[2022-07-25 09:20:55,338] - loging.py] - INFO: 进入一键诊断页面正确
[2022-07-25 16:00:39,668] - loging.py] - INFO: 进入一键诊断页面正确
[2022-07-25 16:00:58,445] - loging.py] - INFO: 可以正常诊断设备网络
[2022-07-25 16:30:36,775] - loging.py] - INFO: 进入一键诊断页面正确
[2022-07-25 16:32:29,679] - loging.py] - INFO: 进入一键诊断页面正确
[2022-07-25 16:32:37,653] - loging.py] - INFO: 可以正常诊断设备网络
[2022-07-25 16:39:33,447] - loging.py] - INFO: 进入一键诊断页面正确
[2022-07-25 16:39:43,066] - loging.py] - INFO: 可以正常诊断设备网络
[2022-07-25 16:44:25,437] - loging.py] - INFO: 进入一键诊断页面正确
[2022-07-25 16:44:44,661] - loging.py] - INFO: 可以正常诊断设备网络
[2022-07-25 16:45:35,850] - loging.py] - INFO: 进入一键诊断页面正确
[2022-07-25 16:46:01,640] - loging.py] - INFO: 可以正常诊断设备网络
[2022-07-25 16:56:13,604] - loging.py] - INFO: 进入一键诊断页面正确
[2022-07-25 16:56:35,923] - loging.py] - INFO: 可以正常诊断设备网络
[2022-07-25 16:56:48,900] - loging.py] - INFO: 检查：日志收集 页面titl 展示正确
[2022-07-25 16:56:48,985] - loging.py] - INFO: 检查：点按【日志收集】请确保收集时间不少于30，提示展示正确
[2022-07-25 16:57:11,307] - loging.py] - INFO: 网络基础配置检查完毕
[2022-07-25 16:57:11,854] - loging.py] - INFO: IP地址配置检查完毕
[2022-07-25 16:57:12,189] - loging.py] - INFO: 设备能否上网检查完毕
[2022-07-25 16:57:12,343] - loging.py] - INFO: 网页连接测试检查完毕
[2022-07-25 16:57:12,343] - loging.py] - INFO: 网络服务4项检查均正确
[2022-07-25 16:57:30,882] - loging.py] - INFO: 检查：日志收集 页面titl 展示正确
[2022-07-25 16:57:30,997] - loging.py] - INFO: 检查：点按【日志收集】请确保收集时间不少于30，提示展示正确
[2022-07-25 16:58:37,752] - loging.py] - INFO: 收集中
[2022-07-25 17:01:22,838] - loging.py] - INFO: 检查：日志收集 页面titl 展示正确
[2022-07-25 17:01:22,960] - loging.py] - INFO: 检查：点按【日志收集】请确保收集时间不少于30，提示展示正确
[2022-07-25 17:02:50,846] - loging.py] - INFO: 检查：日志收集 页面titl 展示正确
[2022-07-25 17:02:50,979] - loging.py] - INFO: 检查：点按【日志收集】请确保收集时间不少于30，提示展示正确
[2022-07-25 17:02:50,980] - loging.py] - INFO: 日志收集页面元素检查完毕，全部展示正确
[2022-07-25 17:03:31,292] - loging.py] - INFO: 网络基础配置检查完毕
[2022-07-25 17:03:38,786] - loging.py] - INFO: IP地址配置检查完毕
[2022-07-25 17:03:38,922] - loging.py] - INFO: 设备能否上网检查完毕
[2022-07-25 17:03:39,196] - loging.py] - INFO: 网页连接测试检查完毕
[2022-07-25 17:03:39,196] - loging.py] - INFO: 网络服务4项检查均正确
[2022-07-25 17:04:04,421] - loging.py] - INFO: 检查：日志收集 页面titl 展示正确
[2022-07-25 17:04:04,534] - loging.py] - INFO: 检查：点按【日志收集】请确保收集时间不少于30，提示展示正确
[2022-07-25 17:04:04,536] - loging.py] - INFO: 日志收集页面元素检查完毕，全部展示正确
[2022-07-25 17:07:43,250] - loging.py] - INFO: 进入一键诊断页面正确
[2022-07-25 17:30:47,846] - loging.py] - INFO: 进入一键诊断页面正确
[2022-07-25 19:44:08,034] - loging.py] - INFO: 进入一键诊断页面正确
[2022-07-25 19:44:40,776] - loging.py] - INFO: 可以正常诊断设备网络
[2022-07-25 19:45:01,024] - loging.py] - INFO: 检查：日志收集 页面titl 展示正确
[2022-07-25 19:45:01,232] - loging.py] - INFO: 检查：点按【日志收集】请确保收集时间不少于30，提示展示正确
[2022-07-25 19:45:01,232] - loging.py] - INFO: 日志收集页面元素检查完毕，全部展示正确
[2022-07-25 19:45:23,241] - loging.py] - INFO: 网络基础配置检查完毕
[2022-07-25 19:45:23,747] - loging.py] - INFO: IP地址配置检查完毕
[2022-07-25 19:45:23,873] - loging.py] - INFO: 设备能否上网检查完毕
[2022-07-25 19:45:24,011] - loging.py] - INFO: 网页连接测试检查完毕
[2022-07-25 19:45:24,012] - loging.py] - INFO: 网络服务4项检查均正确
[2022-07-25 19:45:38,127] - loging.py] - INFO: 检查：日志收集 页面titl 展示正确
[2022-07-25 19:45:38,308] - loging.py] - INFO: 检查：点按【日志收集】请确保收集时间不少于30，提示展示正确
[2022-07-25 19:45:38,309] - loging.py] - INFO: 日志收集页面元素检查完毕，全部展示正确
[2022-07-25 19:46:44,567] - loging.py] - INFO: 进入一键诊断页面正确
[2022-07-25 20:10:13,044] - loging.py] - INFO: 日志可以上报成功
[2022-07-25 20:15:03,311] - loging.py] - INFO: 进入一键诊断页面正确
[2022-07-25 20:15:26,725] - loging.py] - INFO: 可以正常诊断设备网络
[2022-07-25 20:15:41,396] - loging.py] - INFO: 检查：日志收集 页面titl 展示正确
[2022-07-25 20:15:41,529] - loging.py] - INFO: 检查：点按【日志收集】请确保收集时间不少于30，提示展示正确
[2022-07-25 20:15:41,530] - loging.py] - INFO: 日志收集页面元素检查完毕，全部展示正确
[2022-07-25 20:16:03,814] - loging.py] - INFO: 网络基础配置检查完毕
[2022-07-25 20:16:04,344] - loging.py] - INFO: IP地址配置检查完毕
[2022-07-25 20:16:04,517] - loging.py] - INFO: 设备能否上网检查完毕
[2022-07-25 20:16:04,652] - loging.py] - INFO: 网页连接测试检查完毕
[2022-07-25 20:16:04,652] - loging.py] - INFO: 网络服务4项检查均正确
[2022-07-25 20:16:23,293] - loging.py] - INFO: 检查：日志收集 页面titl 展示正确
[2022-07-25 20:16:23,736] - loging.py] - INFO: 检查：点按【日志收集】请确保收集时间不少于30，提示展示正确
[2022-07-25 20:16:23,736] - loging.py] - INFO: 日志收集页面元素检查完毕，全部展示正确
[2022-07-25 20:17:26,096] - loging.py] - INFO: 日志可以上报成功
[2022-07-25 20:21:21,808] - loging.py] - INFO: 进入一键诊断页面正确
[2022-07-25 20:21:44,428] - loging.py] - INFO: 可以正常诊断设备网络
[2022-07-25 20:21:58,519] - loging.py] - INFO: 检查：日志收集 页面titl 展示正确
[2022-07-25 20:21:58,622] - loging.py] - INFO: 检查：点按【日志收集】请确保收集时间不少于30，提示展示正确
[2022-07-25 20:21:58,622] - loging.py] - INFO: 日志收集页面元素检查完毕，全部展示正确
[2022-07-25 20:22:19,819] - loging.py] - INFO: 网络基础配置检查完毕
[2022-07-25 20:22:20,329] - loging.py] - INFO: IP地址配置检查完毕
[2022-07-25 20:22:20,435] - loging.py] - INFO: 设备能否上网检查完毕
[2022-07-25 20:22:20,650] - loging.py] - INFO: 网页连接测试检查完毕
[2022-07-25 20:22:20,651] - loging.py] - INFO: 网络服务4项检查均正确
[2022-07-25 20:22:36,197] - loging.py] - INFO: 检查：日志收集 页面titl 展示正确
[2022-07-25 20:22:36,304] - loging.py] - INFO: 检查：点按【日志收集】请确保收集时间不少于30，提示展示正确
[2022-07-25 20:22:36,304] - loging.py] - INFO: 日志收集页面元素检查完毕，全部展示正确
[2022-07-25 20:23:34,301] - loging.py] - INFO: 日志可以上报成功
[2022-07-25 20:31:40,706] - loging.py] - INFO: 进入一键诊断页面正确
[2022-07-25 20:32:01,266] - loging.py] - INFO: 可以正常诊断设备网络
[2022-07-25 20:32:16,514] - loging.py] - INFO: 检查：日志收集 页面titl 展示正确
[2022-07-25 20:32:16,618] - loging.py] - INFO: 检查：点按【日志收集】请确保收集时间不少于30，提示展示正确
[2022-07-25 20:32:16,619] - loging.py] - INFO: 日志收集页面元素检查完毕，全部展示正确
[2022-07-25 20:32:36,852] - loging.py] - INFO: 网络基础配置检查完毕
[2022-07-25 20:32:37,307] - loging.py] - INFO: IP地址配置检查完毕
[2022-07-25 20:32:37,435] - loging.py] - INFO: 设备能否上网检查完毕
[2022-07-25 20:32:37,538] - loging.py] - INFO: 网页连接测试检查完毕
[2022-07-25 20:32:37,539] - loging.py] - INFO: 网络服务4项检查均正确
[2022-07-25 20:32:52,060] - loging.py] - INFO: 检查：日志收集 页面titl 展示正确
[2022-07-25 20:32:52,153] - loging.py] - INFO: 检查：点按【日志收集】请确保收集时间不少于30，提示展示正确
[2022-07-25 20:32:52,153] - loging.py] - INFO: 日志收集页面元素检查完毕，全部展示正确
[2022-07-25 20:33:53,825] - loging.py] - INFO: 日志可以上报成功
[2022-07-25 20:38:28,639] - loging.py] - INFO: 进入一键诊断页面正确
[2022-07-25 20:40:34,787] - loging.py] - INFO: 进入一键诊断页面正确
[2022-07-25 20:40:56,366] - loging.py] - INFO: 可以正常诊断设备网络
[2022-07-25 20:58:54,864] - loging.py] - INFO: 进入一键诊断页面正确
[2022-07-25 20:59:15,088] - loging.py] - INFO: 可以正常诊断设备网络
[2022-07-25 21:00:33,944] - loging.py] - INFO: 进入一键诊断页面正确
[2022-07-25 21:00:57,536] - loging.py] - INFO: 可以正常诊断设备网络
[2022-07-25 21:01:49,201] - loging.py] - INFO: 进入一键诊断页面正确
[2022-07-25 21:02:09,218] - loging.py] - INFO: 可以正常诊断设备网络
